<?xml version="1.0" encoding="UTF-8"?>
<testng-results total="2" passed="2" failed="0" skipped="0">
  <reporter-output>
  </reporter-output>
  <suite started-at="2024-10-14T10:17:00Z" name="Default suite" finished-at="2024-10-14T10:18:09Z" duration-ms="68342">
    <groups>
      <group name="Smoke">
        <method signature="Ecomm_TC_2.FillForm_PositiveFlow(java.lang.String, java.lang.String, java.lang.String)[pri:0, instance:AppiumTest.Ecomm_TC_2@c8c12ac]" name="FillForm_PositiveFlow" class="AppiumTest.Ecomm_TC_2"/>
      </group> <!-- Smoke -->
    </groups>
    <test started-at="2024-10-14T10:17:00Z" name="Default test" finished-at="2024-10-14T10:18:09Z" duration-ms="68342">
      <class name="AppiumTest.Ecomm_TC_2">
        <test-method is-config="true" signature="Property()[pri:0, instance:AppiumTest.Ecomm_TC_2@c8c12ac]" started-at="2024-10-14T15:47:00Z" name="Property" finished-at="2024-10-14T15:47:00Z" duration-ms="102" status="PASS">
          <reporter-output>
          </reporter-output>
        </test-method> <!-- Property -->
        <test-method is-config="true" signature="ConfigureAppium()[pri:0, instance:AppiumTest.Ecomm_TC_2@c8c12ac]" started-at="2024-10-14T15:47:00Z" name="ConfigureAppium" finished-at="2024-10-14T15:47:15Z" duration-ms="15176" status="PASS">
          <reporter-output>
          </reporter-output>
        </test-method> <!-- ConfigureAppium -->
        <test-method signature="FillForm_ErrorValidation()[pri:0, instance:AppiumTest.Ecomm_TC_2@c8c12ac]" started-at="2024-10-14T15:47:15Z" name="FillForm_ErrorValidation" finished-at="2024-10-14T15:47:30Z" duration-ms="14776" status="PASS">
          <reporter-output>
          </reporter-output>
        </test-method> <!-- FillForm_ErrorValidation -->
        <test-method is-config="true" signature="ConfigureAppium()[pri:0, instance:AppiumTest.Ecomm_TC_2@c8c12ac]" started-at="2024-10-14T15:47:30Z" name="ConfigureAppium" finished-at="2024-10-14T15:47:43Z" duration-ms="12671" status="PASS">
          <reporter-output>
          </reporter-output>
        </test-method> <!-- ConfigureAppium -->
        <test-method signature="FillForm_PositiveFlow(java.lang.String, java.lang.String, java.lang.String)[pri:0, instance:AppiumTest.Ecomm_TC_2@c8c12ac]" started-at="2024-10-14T15:47:43Z" name="FillForm_PositiveFlow" data-provider="setDataProvide" finished-at="2024-10-14T15:48:02Z" duration-ms="19066" status="PASS">
          <params>
            <param index="0">
              <value>
                <![CDATA[Rahul shetty]]>
              </value>
            </param>
            <param index="1">
              <value>
                <![CDATA[Argentina]]>
              </value>
            </param>
            <param index="2">
              <value>
                <![CDATA[Female]]>
              </value>
            </param>
          </params>
          <reporter-output>
          </reporter-output>
        </test-method> <!-- FillForm_PositiveFlow -->
        <test-method is-config="true" signature="tearDown()[pri:0, instance:AppiumTest.Ecomm_TC_2@c8c12ac]" started-at="2024-10-14T15:48:02Z" name="tearDown" finished-at="2024-10-14T15:48:09Z" duration-ms="6535" status="PASS">
          <reporter-output>
          </reporter-output>
        </test-method> <!-- tearDown -->
      </class> <!-- AppiumTest.Ecomm_TC_2 -->
    </test> <!-- Default test -->
  </suite> <!-- Default suite -->
</testng-results>
